Start testing: Mar 08 15:09 CET
----------------------------------------------------------
1/1 Testing: tomita_15
1/1 Test: tomita_15
Command: "/Users/andrea/Desktop/tesi_ort/code/kdgi/build/runUnitTests"
Directory: /Users/andrea/Desktop/tesi_ort/code/kdgi/build
"tomita_15" start time: Mar 08 15:09 CET
Output:
----------------------------------------------------------
Running main() from gtest_main.cc
[==========] Running 5 tests from 1 test case.
[----------] Global test environment set-up.
[----------] 5 tests from Tomita15Test
[ RUN      ] Tomita15Test.coverSet
[       OK ] Tomita15Test.coverSet (0 ms)
[ RUN      ] Tomita15Test.characterizationSet
[       OK ] Tomita15Test.characterizationSet (0 ms)
[ RUN      ] Tomita15Test.reflectiveTestSet
[       OK ] Tomita15Test.reflectiveTestSet (2 ms)
[ RUN      ] Tomita15Test.tableFilling
[       OK ] Tomita15Test.tableFilling (0 ms)
[ RUN      ] Tomita15Test.accessStrings
[       OK ] Tomita15Test.accessStrings (0 ms)
[----------] 5 tests from Tomita15Test (2 ms total)

[----------] Global test environment tear-down
[==========] 5 tests from 1 test case ran. (2 ms total)
[  PASSED  ] 5 tests.
<end of output>
Test time =   0.01 sec
----------------------------------------------------------
Test Passed.
"tomita_15" end time: Mar 08 15:09 CET
"tomita_15" time elapsed: 00:00:00
----------------------------------------------------------

End testing: Mar 08 15:09 CET
